<?xml version="1.0" encoding="UTF-8"?>
<!-- Generated by org.testng.reporters.JUnitReportReporter -->
<testsuite hostname="DESKTOP-MT3EN7A" failures="0" tests="1" name="test.maven" time="5.117" errors="0" timestamp="2021-10-03T14:35:24 IST" skipped="0">
  <testcase classname="test.maven" name="testngTest" time="5.117"/>
  <system-out/>
</testsuite> <!-- test.maven -->
